[2016-11-22 12:01:18] all_120118.INFO: Test: Getting not-yet cached results [] []
[2016-11-22 12:01:18] all_120118.INFO: Test: Requesting: 200 [] []
[2016-11-22 12:01:18] all_120118.INFO: LoggedGuzzleAdapter: Requesting for 200 [] []
[2016-11-22 12:01:18] all_120118.INFO: Test: Requesting: 400 [] []
[2016-11-22 12:01:18] all_120118.INFO: LoggedGuzzleAdapter: Requesting for 400 [] []
[2016-11-22 12:01:18] all_120118.INFO: Test: Requesting: 503 [] []
[2016-11-22 12:01:18] all_120118.INFO: LoggedGuzzleAdapter: Requesting for 503 [] []
[2016-11-22 12:01:18] all_120118.INFO: Test: Requesting: 404 [] []
[2016-11-22 12:01:18] all_120118.INFO: LoggedGuzzleAdapter: Requesting for 404 [] []
[2016-11-22 12:01:18] all_120118.INFO: Test: Requesting: 500 [] []
[2016-11-22 12:01:18] all_120118.INFO: LoggedGuzzleAdapter: Requesting for 500 [] []
[2016-11-22 12:01:18] all_120118.INFO: Test: Requests made [] []
[2016-11-22 12:01:18] all_120118.INFO: Test: Fetching responses [] []
[2016-11-22 12:01:20] all_120118.INFO: StatusToExceptionAdapter: remapped status encountered: 503 [] []
[2016-11-22 12:01:20] all_120118.INFO: StatusToExceptionAdapter: unmapped status encountered: 404 [] []
[2016-11-22 12:01:20] all_120118.INFO: StatusToExceptionAdapter: unmapped status encountered: 500 [] []
[2016-11-22 12:01:20] all_120118.INFO: LoggedGuzzleAdapter: Response for 200: The request resulted in a 200 status code @ 12:01:20.322 [] []
[2016-11-22 12:01:20] all_120118.INFO: StatusToExceptionAdapter: non-exception status encountered: 200 [] []
[2016-11-22 12:01:20] all_120118.INFO: StatusToExceptionAdapter: remapped status encountered: 400 [] []
[2016-11-22 12:01:20] all_120118.INFO: CachingService: put called with 200 [] []
[2016-11-22 12:01:20] all_120118.INFO: Test: Body: The request resulted in a 200 status code @ 12:01:20.322 [] []
[2016-11-22 12:01:20] all_120118.INFO: Test: Exception thrown: me\adamcameron\testApp\exception\BadRequestException [] []
[2016-11-22 12:01:20] all_120118.INFO: Test: Exception thrown: me\adamcameron\testApp\exception\ServerException [] []
[2016-11-22 12:01:20] all_120118.INFO: Test: Exception thrown: GuzzleHttp\Exception\ClientException [] []
[2016-11-22 12:01:20] all_120118.INFO: Test: Exception thrown: GuzzleHttp\Exception\ServerException [] []
[2016-11-22 12:01:20] all_120118.INFO: Test: Responses fetched [] []
[2016-11-22 12:01:20] all_120118.INFO: Test: Process duration: 2sec [] []
[2016-11-22 12:01:20] all_120118.INFO: Test: Waiting 10sec [] []
[2016-11-22 12:01:30] all_120118.INFO: Test: Getting results again (from cache) [] []
[2016-11-22 12:01:30] all_120118.INFO: Test: Requesting: 200 [] []
[2016-11-22 12:01:30] all_120118.INFO: Test: Requesting: 400 [] []
[2016-11-22 12:01:30] all_120118.INFO: LoggedGuzzleAdapter: Requesting for 400 [] []
[2016-11-22 12:01:30] all_120118.INFO: Test: Requesting: 503 [] []
[2016-11-22 12:01:30] all_120118.INFO: LoggedGuzzleAdapter: Requesting for 503 [] []
[2016-11-22 12:01:30] all_120118.INFO: Test: Requesting: 404 [] []
[2016-11-22 12:01:30] all_120118.INFO: LoggedGuzzleAdapter: Requesting for 404 [] []
[2016-11-22 12:01:30] all_120118.INFO: Test: Requesting: 500 [] []
[2016-11-22 12:01:30] all_120118.INFO: LoggedGuzzleAdapter: Requesting for 500 [] []
[2016-11-22 12:01:30] all_120118.INFO: Test: Requests made [] []
[2016-11-22 12:01:30] all_120118.INFO: Test: Fetching responses [] []
[2016-11-22 12:01:30] all_120118.INFO: CachingService: get called with 200 [] []
[2016-11-22 12:01:30] all_120118.INFO: Test: Body: The request resulted in a 200 status code @ 12:01:20.322 [] []
[2016-11-22 12:01:32] all_120118.INFO: StatusToExceptionAdapter: unmapped status encountered: 404 [] []
[2016-11-22 12:01:32] all_120118.INFO: StatusToExceptionAdapter: remapped status encountered: 503 [] []
[2016-11-22 12:01:32] all_120118.INFO: StatusToExceptionAdapter: unmapped status encountered: 500 [] []
[2016-11-22 12:01:32] all_120118.INFO: StatusToExceptionAdapter: remapped status encountered: 400 [] []
[2016-11-22 12:01:32] all_120118.INFO: Test: Exception thrown: me\adamcameron\testApp\exception\BadRequestException [] []
[2016-11-22 12:01:32] all_120118.INFO: Test: Exception thrown: me\adamcameron\testApp\exception\ServerException [] []
[2016-11-22 12:01:32] all_120118.INFO: Test: Exception thrown: GuzzleHttp\Exception\ClientException [] []
[2016-11-22 12:01:32] all_120118.INFO: Test: Exception thrown: GuzzleHttp\Exception\ServerException [] []
[2016-11-22 12:01:32] all_120118.INFO: Test: Responses fetched [] []
[2016-11-22 12:01:32] all_120118.INFO: Test: Process duration: 2sec [] []
